NO	TIME				USER		TYPE	DESCRIPTION
1	2019-11-11 23:54:40	aditya		0		login
2	2019-11-12 00:17:38	aditya		3		mengubah profil
3	2019-11-12 00:17:49	aditya		1		logout
4	2019-11-12 12:06:44	aditya		0		login
5	2019-11-12 12:06:59	aditya		3		mengubah barang rambut palsu
6	2019-11-12 12:07:30	aditya		3		mengubah barang dji sam soe
7	2019-11-12 12:07:35	aditya		3		mengubah barang santri mie
8	2019-11-12 12:07:40	aditya		3		mengubah barang djarum
9	2019-11-12 12:07:45	aditya		3		mengubah barang kondom
10	2019-11-12 12:08:21	aditya		2		menambahkan barang raja lele
11	2019-11-12 12:08:34	aditya		4		mengahpus barang id 12
12	2019-11-12 12:09:08	aditya		2		menambahkan barang gelang
13	2019-11-12 12:09:28	aditya		4		mengahpus barang id 8
14	2019-11-12 12:20:54	aditya		3		mengubah profil
15	2019-11-12 12:20:59	aditya		3		mengubah profil
16	2019-11-12 12:21:01	aditya		3		mengubah profil
17	2019-11-12 12:24:21	aditya		3		mengubah barang raja lele
18	2019-11-12 12:24:46	aditya		3		mengubah password
19	2019-11-12 12:25:04	aditya		1		logout
20	2019-11-12 12:25:10	aditya		0		login
21	2019-11-12 12:25:16	aditya		3		mengubah nama profil
22	2019-11-12 12:27:36	aditya		3		mengubah password
23	2019-11-12 12:36:46	aditya		1		logout
24	2019-11-12 13:29:45	aditya		0		login
25	2019-11-12 13:29:54	aditya		3		mengubah profil
26	2019-11-12 13:30:06	aditya		1		logout
27	2019-11-12 13:37:54	aditya		0		login
28	2019-11-12 13:39:11	aditya		2		menambahkan barang mobil
29	2019-11-12 13:44:52	aditya		3		mengubah profil
30	2019-11-12 13:45:27	aditya		1		logout
31	2019-11-12 13:45:31	aditya		0		login
32	2019-11-12 13:45:42	aditya		4		menghapus akun
33	2019-11-12 13:46:07	aditya		0		login
34	2019-11-12 13:46:22	aditya		1		logout
35	2019-11-12 13:49:27	aditya		0		login
36	2019-11-12 13:58:34	aditya		4		menghapus barang id 20
37	2019-11-12 13:59:37	aditya		4		menghapus akun
38	2019-11-12 13:59:52	aditya		0		login
39	2019-11-12 14:13:46	aditya		1		logout
40	2019-11-12 14:16:19	aditya		0		login
41	2019-11-12 14:38:40	aditya		2		menambahkan jenis barang pakaian
42	2019-11-12 14:57:34	aditya		2		menambahkan jenis barang mainan
43	2019-11-12 15:00:26	aditya		4		menghapus barang id 6
44	2019-11-12 15:00:51	aditya		4		menghapus barang id 6
45	2019-11-12 15:01:19	aditya		4		menghapus jenis barang id 6
46	2019-11-12 15:03:29	aditya		2		menambahkan jenis barang mainan
47	2019-11-12 15:06:30	aditya		3		mengubah barang djarum
48	2019-11-12 15:15:10	aditya		3		mengubah data barang <strong>accesories</strong>
49	2019-11-12 15:28:51	aditya		2		menambahkan barang sukun
50	2019-11-12 15:29:12	aditya		4		menghapus barang id 24
51	2019-11-12 15:32:38	aditya		2		menambahkan barang sukun
52	2019-11-12 15:32:42	aditya		4		menghapus barang id 25
53	2019-11-12 15:42:37	aditya		4		menghapus jenis barang id 5
54	2019-11-12 15:42:45	aditya		2		menambahkan jenis barang pakaian
55	2019-11-12 15:56:51	aditya		3		mengubah data barang djarum
56	2019-11-12 15:58:36	aditya		3		mengubah jenis barang accesoriess
57	2019-11-12 15:58:41	aditya		3		mengubah jenis barang accesories
58	2019-11-12 16:03:05	aditya		3		mengubah jenis barang accesoriess
59	2019-11-12 16:03:10	aditya		3		mengubah jenis barang accesories
60	2019-11-12 16:08:22	aditya		4		menghapus barang id 100
61	2019-11-12 16:14:59	aditya		4		menghapus barang djarum
62	2019-11-12 16:15:19	aditya		4		menghapus barang dji sam soe
63	2019-11-12 16:15:34	aditya		4		menghapus barang mobil
64	2019-11-12 16:38:34	aditya		0		login
65	2019-11-12 16:39:59	aditya		3		mengubah profil
66	2019-11-12 16:48:24	aditya		3		mengubah profil
67	2019-11-12 16:48:27	aditya		3		mengubah profil
68	2019-11-12 16:48:29	aditya		3		mengubah profil
69	2019-11-12 16:48:31	aditya		3		mengubah profil
70	2019-11-12 16:48:34	aditya		3		mengubah profil
71	2019-11-12 16:55:05	aditya		1		logout
72	2019-11-12 16:58:39	aditya		0		login
73	2019-11-12 18:07:35	aditya		1		logout
74	2019-11-12 18:11:17	aditya		0		login
75	2019-11-12 18:11:22	aditya		1		logout
76	2019-11-12 18:22:44	aditya		0		login
77	2019-11-12 18:22:50	aditya		1		logout
78	2019-11-12 19:41:20	aditya		0		login
79	2019-11-12 19:44:15	aditya		1		logout
80	2019-11-12 23:19:41	aditya		0		login
81	2019-11-13 00:07:15	aditya		2		menambahkan barang nu mild 16
82	2019-11-13 00:15:35	aditya		4		menghapus barang nu mild 16
83	2019-11-13 09:15:55	aditya		0		login
84	2019-11-13 09:22:19	aditya		1		logout
85	2019-11-13 09:22:46	aditya		0		login
86	2019-11-13 09:23:03	aditya		1		logout
87	2019-11-13 09:23:16	aditya		0		login
88	2019-11-13 09:23:50	aditya		0		login
89	2019-11-13 09:24:17	aditya		0		login
90	2019-11-13 09:31:43	aditya		0		login
