NO	TIME			USER		TYPE		DESCRIPTION
1	2019-11-13 16:38:12	chamim		login		login
2	2019-11-13 16:38:20	chamim		logout		logout
3	2019-11-13 16:40:03	chamim		login		login
4	2019-11-13 17:10:21	chamim		add		menambahkan produk Minyak Bimoli
5	2019-11-13 17:31:51	chamim		edit		mengubah data produk 
6	2019-11-13 17:32:16	chamim		edit		mengubah data produk 
7	2019-11-13 17:34:40	chamim		delete		menghapus produk 
8	2019-11-13 17:35:06	chamim		add		menambahkan produk Minyak Bimoli
9	2019-11-13 18:24:12	chamim		edit		mengubah data produk 
10	2019-11-13 19:07:19	chamim		add		menambahkan kategori Makanan ringan
11	2019-11-13 20:10:38	chamim		delete		menghapus jenis produk Makanan ringan
12	2019-11-13 20:11:35	chamim		add		menambahkan kategori Makanan ringan
13	2019-11-13 20:21:04	chamim		delete		menghapus jenis produk Makanan ringan
14	2019-11-13 20:21:08	chamim		add		menambahkan kategori Makanan ringan
15	2019-11-13 20:33:06	chamim		edit		mengubah kategori produk Makanan
16	2019-11-13 20:33:16	chamim		edit		mengubah kategori produk Makanan
17	2019-11-13 20:34:20	chamim		edit		mengubah kategori produk Makanan
18	2019-11-13 20:34:36	chamim		edit		mengubah kategori produk Makanan ringan
19	2019-11-13 21:51:00	chamim		edit		mengubah profil
20	2019-11-13 21:51:06	chamim		edit		mengubah profil
21	2019-11-13 21:55:58	chamim		logout		logout
22	2019-11-13 21:56:01	chamim		login		login
23	2019-11-13 21:56:08	chamim		edit		mengubah password
24	2019-11-13 21:56:12	chamim		edit		mengubah password
25	2019-11-13 21:57:05	chamim		edit		mengubah password
26	2019-11-13 21:58:17	chamim		edit		mengubah password
27	2019-11-13 21:59:55	chamim		logout		logout
28	2019-11-13 21:59:59	chamim		login		login
29	2019-11-13 22:04:10	chamim		logout		logout
30	2019-11-13 22:08:07	chamim		login		login
31	2019-11-13 22:51:19	chamim		add		menambahkan produk Tic tac
32	2019-11-13 22:52:46	chamim		edit		mengubah data produk 
33	2019-11-13 22:54:08	chamim		edit		mengubah data produk Tic tac
